Arguments: 
  C:\Program Files\nodejs\node.exe C:\Users\dines\AppData\Roaming\npm\node_modules\yarn\bin\yarn.js add @openzeppelin/contract

PATH: 
  C:\Program Files\Common Files\Oracle\Java\javapath;C:\WINDOWS\system32;C:\WINDOWS;C:\WINDOWS\System32\Wbem;C:\WINDOWS\System32\WindowsPowerShell\v1.0\;C:\WINDOWS\System32\OpenSSH\;C:\MinGW\bin;C:\Program Files\Calibre2\;C:\Program Files\heroku\bin;C:\Program Files\Git\cmd;C:\MinGW\lib;C:\Program Files\nodejs\;C:\Users\dines\.cargo\bin;C:\Users\dines\.local\share\solana\install\active_release\bin;C:\Users\dines\AppData\Local\Programs\Python\Python310\Scripts\;C:\Users\dines\AppData\Local\Programs\Python\Python310\;C:\Program Files\MySQL\MySQL Shell 8.0\bin\;C:\Users\dines\AppData\Local\Programs\Python\Python39\Scripts\;C:\Users\dines\AppData\Local\Programs\Python\Python39\;C:\Users\dines\AppData\Local\Microsoft\WindowsApps;C:\Program Files\JetBrains\IntelliJ IDEA Community Edition 2021.2.3\bin;C:\Users\dines\AppData\Local\GitHubDesktop\bin;C:\Program Files\heroku\bin;C:\Users\dines\.fly\bin;C:\Users\dines\AppData\Local\Microsoft\WindowsApps;C:\Users\dines\AppData\Local\Programs\Microsoft VS Code\bin;C:\MinGW\bin;C:\Users\dines\AppData\Roaming\npm;

Yarn version: 
  1.22.18

Node version: 
  16.15.0

Platform: 
  win32 x64

Trace: 
  Error: https://registry.yarnpkg.com/@openzeppelin%2fcontract: Not found
      at Request.params.callback [as _callback] (C:\Users\dines\AppData\Roaming\npm\node_modules\yarn\lib\cli.js:66138:18)
      at Request.self.callback (C:\Users\dines\AppData\Roaming\npm\node_modules\yarn\lib\cli.js:140883:22)
      at Request.emit (node:events:527:28)
      at Request.<anonymous> (C:\Users\dines\AppData\Roaming\npm\node_modules\yarn\lib\cli.js:141855:10)
      at Request.emit (node:events:527:28)
      at IncomingMessage.<anonymous> (C:\Users\dines\AppData\Roaming\npm\node_modules\yarn\lib\cli.js:141777:12)
      at Object.onceWrapper (node:events:641:28)
      at IncomingMessage.emit (node:events:539:35)
      at endReadableNT (node:internal/streams/readable:1345:12)
      at processTicksAndRejections (node:internal/process/task_queues:83:21)

npm manifest: 
  {
    "name": "hardhat-project",
    "devDependencies": {
      "@nomiclabs/hardhat-ethers": "^2.0.6",
      "@nomiclabs/hardhat-waffle": "^2.0.3",
      "chai": "^4.3.6",
      "ethereum-waffle": "^3.4.4",
      "ethers": "^5.6.6",
      "hardhat": "^2.9.5"
    }
  }

yarn manifest: 
  No manifest

Lockfile: 
  No lockfile
